<?xml version="1.0" encoding="UTF-8"?>
<!-- Generated by org.testng.reporters.JUnitReportReporter -->
<testsuite hostname="DESKTOP-3CJAD98" failures="0" tests="1" name="com.page.object.tests.Task_One_Test" time="21.532" errors="0" timestamp="2022-02-28T21:06:45 EST" skipped="0">
  <testcase classname="com.page.object.tests.Task_One_Test" name="dataDrivenTest" time="21.532"/>
  <system-out/>
</testsuite> <!-- com.page.object.tests.Task_One_Test -->
